<?xml version="1.0" encoding="UTF-8"?>
<!-- Generated by org.testng.reporters.JUnitReportReporter -->
<testsuite hostname="DESKTOP-RJCPFDU" failures="0" tests="1" name="test_7RMartSuperMarket.Home_test_7RMartSuperMarket" time="5.020" errors="0" timestamp="2025-10-07T08:39:40 AST" skipped="0">
  <testcase classname="test_7RMartSuperMarket.Home_test_7RMartSuperMarket" name="moreInfo" time="5.020"/>
</testsuite> <!-- test_7RMartSuperMarket.Home_test_7RMartSuperMarket -->
