<?xml version="1.0" encoding="UTF-8"?>
<!-- Generated by org.testng.reporters.JUnitReportReporter -->
<testsuite hostname="DESKTOP-RJCPFDU" failures="0" tests="1" name="test_7RMartSuperMarket.HomeTestPage_SuperMarket" time="6.030" errors="0" timestamp="2025-10-06T19:37:12 AST" skipped="0">
  <testcase classname="test_7RMartSuperMarket.HomeTestPage_SuperMarket" name="verifyLogout" time="6.030"/>
</testsuite> <!-- test_7RMartSuperMarket.HomeTestPage_SuperMarket -->
