<?xml version="1.0" encoding="UTF-8"?>
<!-- Generated by org.testng.reporters.JUnitReportReporter -->
<testsuite hostname="DESKTOP-RJCPFDU" failures="0" tests="1" name="test_7RMartSuperMarket.ManageNews_Test" time="5.568" errors="0" timestamp="2025-10-15T16:56:44 AST" skipped="0">
  <testcase classname="test_7RMartSuperMarket.ManageNews_Test" name="createNews" time="5.568"/>
</testsuite> <!-- test_7RMartSuperMarket.ManageNews_Test -->
