<?xml version="1.0" encoding="UTF-8"?>
<!-- Generated by org.testng.reporters.JUnitReportReporter -->
<testsuite hostname="DESKTOP-RJCPFDU" failures="0" tests="5" name="test_7RMartSuperMarket.Login_Page_Test" time="19.369" errors="0" timestamp="2025-10-22T08:44:13 AST" skipped="0">
  <testcase classname="test_7RMartSuperMarket.Login_Page_Test" name="verifyValidUserCredentials" time="3.114"/>
  <testcase classname="test_7RMartSuperMarket.Login_Page_Test" name="verifyValidUserCredentials" time="2.842"/>
  <testcase classname="test_7RMartSuperMarket.Login_Page_Test" name="verifyInCorrectUsernameIncorrectPassword" time="3.908"/>
  <testcase classname="test_7RMartSuperMarket.Login_Page_Test" name="verifyValidUserCredentials" time="6.561"/>
  <testcase classname="test_7RMartSuperMarket.Login_Page_Test" name="verifyValidUserCredentials" time="2.944"/>
</testsuite> <!-- test_7RMartSuperMarket.Login_Page_Test -->
