<?xml version="1.0" encoding="UTF-8"?>
<!-- Generated by org.testng.reporters.JUnitReportReporter -->
<testsuite hostname="DESKTOP-RJCPFDU" failures="0" tests="1" name="test_7RMartSuperMarket.Base_7RMart" time="5.918" errors="0" timestamp="2025-10-03T16:04:02 AST" skipped="0">
  <testcase classname="test_7RMartSuperMarket.Base_7RMart" name="beforeMethod" time="5.918"/>
</testsuite> <!-- test_7RMartSuperMarket.Base_7RMart -->
