<?xml version="1.0" encoding="UTF-8"?>
<!-- Generated by org.testng.reporters.JUnitReportReporter -->
<testsuite hostname="DESKTOP-RJCPFDU" failures="0" tests="1" name="test_7RMartSuperMarket.LogoutTestPage_SuperMarket" time="4.217" errors="0" timestamp="2025-10-06T19:45:13 AST" skipped="0">
  <testcase classname="test_7RMartSuperMarket.LogoutTestPage_SuperMarket" name="verifyLogout" time="4.217"/>
</testsuite> <!-- test_7RMartSuperMarket.LogoutTestPage_SuperMarket -->
