<?xml version="1.0" encoding="UTF-8"?>
<!-- Generated by org.testng.reporters.JUnitReportReporter -->
<testsuite hostname="DESKTOP-RJCPFDU" failures="0" tests="1" name="test_7RMartSuperMarket.AdminUserPage_Test" time="5.013" errors="0" timestamp="2025-10-17T09:11:07 AST" skipped="0">
  <testcase classname="test_7RMartSuperMarket.AdminUserPage_Test" name="moreInfo" time="5.013"/>
</testsuite> <!-- test_7RMartSuperMarket.AdminUserPage_Test -->
