<?xml version="1.0" encoding="UTF-8"?>
<!-- Generated by org.testng.reporters.JUnitReportReporter -->
<testsuite hostname="DESKTOP-RJCPFDU" failures="0" tests="1" name="test_7RMartSuperMarket.Login_Test_7RMartSuperMarket" time="2.738" errors="0" timestamp="2025-10-06T08:20:26 AST" skipped="0">
  <testcase classname="test_7RMartSuperMarket.Login_Test_7RMartSuperMarket" name="verifyCorrectUsernameIncorrectPassword" time="2.738"/>
</testsuite> <!-- test_7RMartSuperMarket.Login_Test_7RMartSuperMarket -->
