<?xml version="1.0" encoding="UTF-8"?>
<!-- Generated by org.testng.reporters.JUnitReportReporter -->
<testsuite hostname="DESKTOP-RJCPFDU" failures="0" tests="1" name="test_7RMartSuperMarket.HomePage_Test" time="6.358" errors="0" timestamp="2025-10-22T09:14:22 AST" skipped="0">
  <testcase classname="test_7RMartSuperMarket.HomePage_Test" name="verifyLogout" time="6.358"/>
</testsuite> <!-- test_7RMartSuperMarket.HomePage_Test -->
