<?xml version="1.0" encoding="UTF-8"?>
<!-- Generated by org.testng.reporters.JUnitReportReporter -->
<testsuite hostname="DESKTOP-RJCPFDU" failures="0" tests="1" name="test_7RMartSuperMarket.ManageFooter_Test" time="8.678" errors="0" timestamp="2025-10-22T09:14:22 AST" skipped="0">
  <testcase classname="test_7RMartSuperMarket.ManageFooter_Test" name="manageFooterInformation" time="8.678"/>
</testsuite> <!-- test_7RMartSuperMarket.ManageFooter_Test -->
